2024-08-18 12:25:55,571 - Jackpot_Aruba -INFO - Test case Passed
2024-08-18 12:29:44,936 - Jackpot_Aruba -INFO - Test case Passed
2024-08-18 12:53:52,408 - Jackpot_Aruba -INFO - Test case Passed
2024-08-18 12:56:44,941 - Jackpot_Aruba -INFO - Test case Passed
2024-08-18 12:59:48,754 - Jackpot_Aruba -INFO - Test case Passed
2024-08-18 13:43:14,609 - Jackpot_Aruba -INFO - Test case Passed
2024-08-18 13:48:10,812 - Jackpot_Aruba -INFO - Test case Passed
2024-08-18 13:52:57,012 - Jackpot_Aruba -INFO - Test case Passed
2024-08-18 13:58:55,307 - Jackpot_Aruba -INFO - Test case Passed
2024-08-18 14:03:18,514 - Jackpot_Aruba -INFO - Test case Passed
2024-08-18 15:34:00,754 - Jackpot_Aruba -INFO - Test case Passed
2024-08-18 15:35:45,660 - Jackpot_Aruba -INFO - Test case Passed
2024-08-18 15:41:10,861 - Jackpot_Aruba -INFO - Test case Passed
2024-08-18 23:10:55,093 - Jackpot_Aruba -INFO - Test case Passed
2024-08-18 23:19:59,828 - Jackpot_Aruba -INFO - Test case Passed
2024-08-18 23:21:05,867 - Jackpot_Aruba -INFO - Test case Passed
2024-08-19 01:26:29,730 - Jackpot_Aruba -INFO - SuccessFully Login
2024-08-19 12:03:07,337 - Jackpot_Aruba -INFO - SuccessFully Login
2024-08-19 12:27:04,197 - Jackpot_Aruba -INFO - SuccessFully Login
2024-08-19 14:23:10,728 - Jackpot_Aruba -INFO - SuccessFully Logged IN
2024-08-19 14:25:58,798 - Jackpot_Aruba -INFO - SuccessFully Logged IN
2024-08-19 14:28:04,058 - Jackpot_Aruba -INFO - SuccessFully Logged IN
2024-08-19 14:34:20,495 - Jackpot_Aruba -INFO - SuccessFully Logged IN
2024-08-19 17:11:04,707 - Jackpot_Aruba -INFO - SuccessFully Logged IN
2024-08-19 17:13:05,292 - Jackpot_Aruba -INFO - SuccessFully Logged IN
2024-08-19 17:14:04,974 - Jackpot_Aruba -INFO - SuccessFully Logged IN
2024-08-19 17:15:19,245 - Jackpot_Aruba -INFO - SuccessFully Logged IN
2024-08-19 17:18:53,969 - Jackpot_Aruba -INFO - SuccessFully Logged IN
2024-08-19 17:21:30,015 - Jackpot_Aruba -INFO - SuccessFully Logged IN
2024-08-19 17:39:00,874 - Jackpot_Aruba -INFO - SuccessFully Logged IN
2024-08-19 17:41:46,452 - Jackpot_Aruba -INFO - SuccessFully Logged IN
2024-08-19 17:43:38,503 - Jackpot_Aruba -INFO - SuccessFully Logged IN
2024-08-19 17:46:46,014 - Jackpot_Aruba -INFO - SuccessFully Logged IN
2024-08-19 17:49:25,263 - Jackpot_Aruba -INFO - SuccessFully Logged IN
2024-08-19 17:50:12,746 - Jackpot_Aruba -INFO - SuccessFully Logged IN
2024-08-19 17:52:32,122 - Jackpot_Aruba -INFO - SuccessFully Logged IN
2024-08-19 17:53:29,550 - Jackpot_Aruba -INFO - SuccessFully Logged IN
2024-08-19 17:54:10,308 - Jackpot_Aruba -INFO - SuccessFully Logged IN
2024-08-19 17:55:24,115 - Jackpot_Aruba -INFO - SuccessFully Logged IN
2024-08-19 18:24:37,924 - Jackpot_Aruba -INFO - SuccessFully Logged IN
2024-08-19 18:25:52,046 - Jackpot_Aruba -INFO - SuccessFully Logged IN
2024-08-19 18:28:34,068 - Jackpot_Aruba -INFO - SuccessFully Logged IN
2024-08-19 18:32:19,228 - Jackpot_Aruba -INFO - SuccessFully Logged IN
2024-08-19 18:34:11,753 - Jackpot_Aruba -INFO - SuccessFully Logged IN
2024-08-19 19:09:35,949 - Jackpot_Aruba -INFO - SuccessFully Logged IN
2024-08-19 19:11:15,822 - Jackpot_Aruba -INFO - SuccessFully Logged IN
2024-08-19 21:27:18,042 - Jackpot_Aruba -INFO - SuccessFully Logged IN
2024-08-19 21:31:10,323 - Jackpot_Aruba -INFO - SuccessFully Logged IN
2024-08-20 14:39:17,791 - Jackpot_Aruba -INFO - SuccessFully Logged IN
2024-08-20 14:41:55,475 - Jackpot_Aruba -INFO - SuccessFully Logged IN
2024-08-20 14:43:55,435 - Jackpot_Aruba -INFO - SuccessFully Logged IN
2024-08-20 14:49:53,702 - Jackpot_Aruba -INFO - SuccessFully Logged IN
2024-08-20 15:14:32,874 - Jackpot_Aruba -INFO - SuccessFully Logged IN
2024-08-20 15:18:37,639 - Jackpot_Aruba -INFO - SuccessFully Logged IN
2024-08-20 15:20:59,083 - Jackpot_Aruba -INFO - SuccessFully Logged IN
2024-08-21 11:06:24,710 - Jackpot_Aruba -INFO - SuccessFully Logged IN
2024-08-21 11:12:06,951 - Jackpot_Aruba -INFO - SuccessFully Logged IN
2024-08-21 11:15:04,996 - Jackpot_Aruba -INFO - SuccessFully Logged IN
2024-08-21 11:15:45,303 - Jackpot_Aruba -INFO - User Created SuccessFully
2024-08-21 11:33:33,896 - Jackpot_Aruba -INFO - SuccessFully Logged IN
2024-08-21 11:34:14,647 - Jackpot_Aruba -INFO - User Created SuccessFully
2024-08-22 10:06:56,098 - Jackpot_Aruba -INFO - SuccessFully Logged IN
2024-08-22 10:07:38,053 - Jackpot_Aruba -INFO - User Created SuccessFully
2024-08-22 10:23:41,084 - Jackpot_Aruba -INFO - SuccessFully Logged IN
2024-08-22 10:23:47,836 - Jackpot_Aruba -INFO - Ticket Added to Cart Successfully
2024-08-22 10:24:29,308 - Jackpot_Aruba -INFO - User Created SuccessFully
2024-08-22 10:25:56,279 - Jackpot_Aruba -INFO - Add Credit/Payment Successfully Done
2024-08-22 11:29:26,337 - Jackpot_Aruba -INFO - SuccessFully Logged IN
2024-08-22 11:29:32,112 - Jackpot_Aruba -INFO - Ticket Added to Cart Successfully
2024-08-22 11:29:39,878 - Jackpot_Aruba -INFO - Ticket Purchase Successfully
2024-08-22 12:32:25,033 - Jackpot_Aruba -INFO - Admin Logged in Successfully
2024-08-22 12:34:06,151 - Jackpot_Aruba -INFO - Admin Logged in Successfully
2024-08-22 12:54:34,457 - Jackpot_Aruba -INFO - SuccessFully Logged IN
2024-08-22 12:54:40,329 - Jackpot_Aruba -INFO - Ticket Added to Cart Successfully
2024-08-22 12:54:48,324 - Jackpot_Aruba -INFO - Ticket Purchase Successfully
2024-08-22 12:59:45,900 - Jackpot_Aruba -INFO - User Created SuccessFully
2024-08-22 13:01:16,625 - Jackpot_Aruba -INFO - Add Credit/Payment Successfully Done
2024-08-22 13:02:08,214 - Jackpot_Aruba -INFO - Admin Logged in Successfully
