2024-08-18 12:25:55,571 [main] INFO Jackpot_Aruba - Test case Passed
2024-08-18 12:29:44,936 [main] INFO Jackpot_Aruba - Test case Passed
2024-08-18 12:53:52,408 [main] INFO Jackpot_Aruba - Test case Passed
2024-08-18 12:56:44,941 [main] INFO Jackpot_Aruba - Test case Passed
2024-08-18 12:59:48,754 [main] INFO Jackpot_Aruba - Test case Passed
2024-08-18 13:43:14,609 [main] INFO Jackpot_Aruba - Test case Passed
2024-08-18 13:48:10,812 [main] INFO Jackpot_Aruba - Test case Passed
2024-08-18 13:52:57,012 [main] INFO Jackpot_Aruba - Test case Passed
2024-08-18 13:58:55,307 [main] INFO Jackpot_Aruba - Test case Passed
2024-08-18 14:03:18,514 [main] INFO Jackpot_Aruba - Test case Passed
2024-08-18 15:34:00,754 [main] INFO Jackpot_Aruba - Test case Passed
2024-08-18 15:35:45,660 [main] INFO Jackpot_Aruba - Test case Passed
2024-08-18 15:41:10,861 [main] INFO Jackpot_Aruba - Test case Passed
2024-08-18 23:10:55,093 [main] INFO Jackpot_Aruba - Test case Passed
2024-08-18 23:19:59,828 [main] INFO Jackpot_Aruba - Test case Passed
2024-08-18 23:21:05,867 [main] INFO Jackpot_Aruba - Test case Passed
2024-08-19 01:26:29,730 [main] INFO Jackpot_Aruba - SuccessFully Login
2024-08-19 12:03:07,337 [main] INFO Jackpot_Aruba - SuccessFully Login
2024-08-19 12:27:04,197 [main] INFO Jackpot_Aruba - SuccessFully Login
2024-08-19 14:23:10,728 [main] INFO Jackpot_Aruba - SuccessFully Logged IN
2024-08-19 14:25:58,798 [main] INFO Jackpot_Aruba - SuccessFully Logged IN
2024-08-19 14:28:04,058 [main] INFO Jackpot_Aruba - SuccessFully Logged IN
2024-08-19 14:34:20,495 [main] INFO Jackpot_Aruba - SuccessFully Logged IN
2024-08-19 17:11:04,707 [main] INFO Jackpot_Aruba - SuccessFully Logged IN
2024-08-19 17:13:05,292 [main] INFO Jackpot_Aruba - SuccessFully Logged IN
2024-08-19 17:14:04,974 [main] INFO Jackpot_Aruba - SuccessFully Logged IN
2024-08-19 17:15:19,245 [main] INFO Jackpot_Aruba - SuccessFully Logged IN
2024-08-19 17:18:53,969 [main] INFO Jackpot_Aruba - SuccessFully Logged IN
2024-08-19 17:21:30,015 [main] INFO Jackpot_Aruba - SuccessFully Logged IN
2024-08-19 17:39:00,874 [main] INFO Jackpot_Aruba - SuccessFully Logged IN
2024-08-19 17:41:46,452 [main] INFO Jackpot_Aruba - SuccessFully Logged IN
2024-08-19 17:43:38,503 [main] INFO Jackpot_Aruba - SuccessFully Logged IN
2024-08-19 17:46:46,014 [main] INFO Jackpot_Aruba - SuccessFully Logged IN
2024-08-19 17:49:25,263 [main] INFO Jackpot_Aruba - SuccessFully Logged IN
2024-08-19 17:50:12,746 [main] INFO Jackpot_Aruba - SuccessFully Logged IN
2024-08-19 17:52:32,122 [main] INFO Jackpot_Aruba - SuccessFully Logged IN
2024-08-19 17:53:29,550 [main] INFO Jackpot_Aruba - SuccessFully Logged IN
2024-08-19 17:54:10,308 [main] INFO Jackpot_Aruba - SuccessFully Logged IN
2024-08-19 17:55:24,115 [main] INFO Jackpot_Aruba - SuccessFully Logged IN
2024-08-19 18:24:37,924 [main] INFO Jackpot_Aruba - SuccessFully Logged IN
2024-08-19 18:25:52,046 [main] INFO Jackpot_Aruba - SuccessFully Logged IN
2024-08-19 18:28:34,068 [main] INFO Jackpot_Aruba - SuccessFully Logged IN
2024-08-19 18:32:19,228 [main] INFO Jackpot_Aruba - SuccessFully Logged IN
2024-08-19 18:34:11,753 [main] INFO Jackpot_Aruba - SuccessFully Logged IN
2024-08-19 19:09:35,949 [main] INFO Jackpot_Aruba - SuccessFully Logged IN
2024-08-19 19:11:15,822 [main] INFO Jackpot_Aruba - SuccessFully Logged IN
2024-08-19 21:27:18,042 [main] INFO Jackpot_Aruba - SuccessFully Logged IN
2024-08-19 21:31:10,323 [main] INFO Jackpot_Aruba - SuccessFully Logged IN
2024-08-20 14:39:17,791 [main] INFO Jackpot_Aruba - SuccessFully Logged IN
2024-08-20 14:41:55,475 [main] INFO Jackpot_Aruba - SuccessFully Logged IN
2024-08-20 14:43:55,435 [TestNG-test=Test-1] INFO Jackpot_Aruba - SuccessFully Logged IN
2024-08-20 14:49:53,702 [TestNG-test=Test-1] INFO Jackpot_Aruba - SuccessFully Logged IN
2024-08-20 15:14:32,874 [TestNG-test=Test-1] INFO Jackpot_Aruba - SuccessFully Logged IN
2024-08-20 15:18:37,639 [main] INFO Jackpot_Aruba - SuccessFully Logged IN
2024-08-20 15:20:59,083 [main] INFO Jackpot_Aruba - SuccessFully Logged IN
2024-08-21 11:06:24,710 [main] INFO Jackpot_Aruba - SuccessFully Logged IN
2024-08-21 11:12:06,951 [main] INFO Jackpot_Aruba - SuccessFully Logged IN
2024-08-21 11:15:04,996 [main] INFO Jackpot_Aruba - SuccessFully Logged IN
2024-08-21 11:15:45,303 [main] INFO Jackpot_Aruba - User Created SuccessFully
2024-08-21 11:33:33,896 [main] INFO Jackpot_Aruba - SuccessFully Logged IN
2024-08-21 11:34:14,647 [main] INFO Jackpot_Aruba - User Created SuccessFully
2024-08-22 10:06:56,098 [main] INFO Jackpot_Aruba - SuccessFully Logged IN
2024-08-22 10:07:38,053 [main] INFO Jackpot_Aruba - User Created SuccessFully
2024-08-22 10:23:41,084 [main] INFO Jackpot_Aruba - SuccessFully Logged IN
2024-08-22 10:23:47,836 [main] INFO Jackpot_Aruba - Ticket Added to Cart Successfully
2024-08-22 10:24:29,308 [main] INFO Jackpot_Aruba - User Created SuccessFully
2024-08-22 10:25:56,279 [main] INFO Jackpot_Aruba - Add Credit/Payment Successfully Done
2024-08-22 11:29:26,337 [main] INFO Jackpot_Aruba - SuccessFully Logged IN
2024-08-22 11:29:32,112 [main] INFO Jackpot_Aruba - Ticket Added to Cart Successfully
2024-08-22 11:29:39,878 [main] INFO Jackpot_Aruba - Ticket Purchase Successfully
2024-08-22 12:32:25,033 [main] INFO Jackpot_Aruba - Admin Logged in Successfully
2024-08-22 12:34:06,151 [main] INFO Jackpot_Aruba - Admin Logged in Successfully
2024-08-22 12:54:34,457 [main] INFO Jackpot_Aruba - SuccessFully Logged IN
2024-08-22 12:54:40,329 [main] INFO Jackpot_Aruba - Ticket Added to Cart Successfully
2024-08-22 12:54:48,324 [main] INFO Jackpot_Aruba - Ticket Purchase Successfully
2024-08-22 12:59:45,900 [main] INFO Jackpot_Aruba - User Created SuccessFully
2024-08-22 13:01:16,625 [main] INFO Jackpot_Aruba - Add Credit/Payment Successfully Done
2024-08-22 13:02:08,214 [main] INFO Jackpot_Aruba - Admin Logged in Successfully
